2023-05-14 23:05:40 INFO  LoginPage :32 - Entering username : [[ChromeDriver: chrome on WINDOWS (f02dfd38a73f180e3288c793cd1e2d76)] -> id: user-name]
2023-05-14 23:05:174 INFO  LoginPage :38 - Entering password : [[ChromeDriver: chrome on WINDOWS (f02dfd38a73f180e3288c793cd1e2d76)] -> id: password]
2023-05-14 23:05:357 INFO  LoginPage :44 - Clicking on login button : [[ChromeDriver: chrome on WINDOWS (f02dfd38a73f180e3288c793cd1e2d76)] -> id: login-button]
2023-05-14 23:05:418 INFO  ProductPage :29 - Getting products page title : [[ChromeDriver: chrome on WINDOWS (f02dfd38a73f180e3288c793cd1e2d76)] -> xpath: //span[text()='Products']]
2023-05-14 23:05:497 INFO  LoginPage :32 - Entering username : [[ChromeDriver: chrome on WINDOWS (d8a03c5c91ace2ac9fe24bfa7bfae6c4)] -> id: user-name]
2023-05-14 23:05:627 INFO  LoginPage :38 - Entering password : [[ChromeDriver: chrome on WINDOWS (d8a03c5c91ace2ac9fe24bfa7bfae6c4)] -> id: password]
2023-05-14 23:05:767 INFO  LoginPage :44 - Clicking on login button : [[ChromeDriver: chrome on WINDOWS (d8a03c5c91ace2ac9fe24bfa7bfae6c4)] -> id: login-button]
2023-05-14 23:05:811 INFO  ProductPage :29 - Getting products page title : [[ChromeDriver: chrome on WINDOWS (d8a03c5c91ace2ac9fe24bfa7bfae6c4)] -> xpath: //span[text()='Products']]
2023-05-14 23:05:30 INFO  LoginPage :32 - Entering username : [[ChromeDriver: chrome on WINDOWS (5fd1350c55ec099916f6fe55b476c621)] -> id: user-name]
2023-05-14 23:05:205 INFO  LoginPage :38 - Entering password : [[ChromeDriver: chrome on WINDOWS (5fd1350c55ec099916f6fe55b476c621)] -> id: password]
2023-05-14 23:05:429 INFO  LoginPage :44 - Clicking on login button : [[ChromeDriver: chrome on WINDOWS (5fd1350c55ec099916f6fe55b476c621)] -> id: login-button]
2023-05-14 23:05:496 INFO  ProductPage :34 - Getting number of products : [[[ChromeDriver: chrome on WINDOWS (5fd1350c55ec099916f6fe55b476c621)] -> class name: inventory_item], [[ChromeDriver: chrome on WINDOWS (5fd1350c55ec099916f6fe55b476c621)] -> class name: inventory_item], [[ChromeDriver: chrome on WINDOWS (5fd1350c55ec099916f6fe55b476c621)] -> class name: inventory_item], [[ChromeDriver: chrome on WINDOWS (5fd1350c55ec099916f6fe55b476c621)] -> class name: inventory_item], [[ChromeDriver: chrome on WINDOWS (5fd1350c55ec099916f6fe55b476c621)] -> class name: inventory_item], [[ChromeDriver: chrome on WINDOWS (5fd1350c55ec099916f6fe55b476c621)] -> class name: inventory_item]]
2023-05-14 23:05:208 INFO  LoginPage :32 - Entering username : [[ChromeDriver: chrome on WINDOWS (f7aa1f6fabf16b0f6f78313276086ade)] -> id: user-name]
2023-05-14 23:05:321 INFO  LoginPage :38 - Entering password : [[ChromeDriver: chrome on WINDOWS (f7aa1f6fabf16b0f6f78313276086ade)] -> id: password]
2023-05-14 23:05:534 INFO  LoginPage :44 - Clicking on login button : [[ChromeDriver: chrome on WINDOWS (f7aa1f6fabf16b0f6f78313276086ade)] -> id: login-button]
2023-05-14 23:05:592 INFO  ProductPage :29 - Getting products page title : [[ChromeDriver: chrome on WINDOWS (f7aa1f6fabf16b0f6f78313276086ade)] -> xpath: //span[text()='Products']]
2023-05-14 23:05:496 INFO  LoginPage :32 - Entering username : [[ChromeDriver: chrome on WINDOWS (52ec914f46128e2d85e5df5e7a4f3bf1)] -> id: user-name]
2023-05-14 23:05:622 INFO  LoginPage :38 - Entering password : [[ChromeDriver: chrome on WINDOWS (52ec914f46128e2d85e5df5e7a4f3bf1)] -> id: password]
2023-05-14 23:05:766 INFO  LoginPage :44 - Clicking on login button : [[ChromeDriver: chrome on WINDOWS (52ec914f46128e2d85e5df5e7a4f3bf1)] -> id: login-button]
2023-05-14 23:05:812 INFO  ProductPage :34 - Getting number of products : [[[ChromeDriver: chrome on WINDOWS (52ec914f46128e2d85e5df5e7a4f3bf1)] -> class name: inventory_item], [[ChromeDriver: chrome on WINDOWS (52ec914f46128e2d85e5df5e7a4f3bf1)] -> class name: inventory_item], [[ChromeDriver: chrome on WINDOWS (52ec914f46128e2d85e5df5e7a4f3bf1)] -> class name: inventory_item], [[ChromeDriver: chrome on WINDOWS (52ec914f46128e2d85e5df5e7a4f3bf1)] -> class name: inventory_item], [[ChromeDriver: chrome on WINDOWS (52ec914f46128e2d85e5df5e7a4f3bf1)] -> class name: inventory_item], [[ChromeDriver: chrome on WINDOWS (52ec914f46128e2d85e5df5e7a4f3bf1)] -> class name: inventory_item]]
2023-05-15 16:05:680 INFO  LoginPage :32 - Entering username : [[ChromeDriver: chrome on WINDOWS (64052a56bc3376455a5eae97fce78708)] -> id: user-name]
2023-05-15 16:05:763 INFO  LoginPage :38 - Entering password : [[ChromeDriver: chrome on WINDOWS (64052a56bc3376455a5eae97fce78708)] -> id: password]
2023-05-15 16:05:880 INFO  LoginPage :44 - Clicking on login button : [[ChromeDriver: chrome on WINDOWS (64052a56bc3376455a5eae97fce78708)] -> id: login-button]
2023-05-15 16:05:918 INFO  ProductPage :29 - Getting products page title : [[ChromeDriver: chrome on WINDOWS (64052a56bc3376455a5eae97fce78708)] -> xpath: //span[text()='Products']]
2023-05-15 16:05:450 INFO  LoginPage :32 - Entering username : [[ChromeDriver: chrome on WINDOWS (443ac94760fa7775e71869a7c2ff1950)] -> id: user-name]
2023-05-15 16:05:593 INFO  LoginPage :38 - Entering password : [[ChromeDriver: chrome on WINDOWS (443ac94760fa7775e71869a7c2ff1950)] -> id: password]
2023-05-15 16:05:758 INFO  LoginPage :44 - Clicking on login button : [[ChromeDriver: chrome on WINDOWS (443ac94760fa7775e71869a7c2ff1950)] -> id: login-button]
2023-05-15 16:05:811 INFO  ProductPage :34 - Getting number of products : [[[ChromeDriver: chrome on WINDOWS (443ac94760fa7775e71869a7c2ff1950)] -> class name: inventory_item], [[ChromeDriver: chrome on WINDOWS (443ac94760fa7775e71869a7c2ff1950)] -> class name: inventory_item], [[ChromeDriver: chrome on WINDOWS (443ac94760fa7775e71869a7c2ff1950)] -> class name: inventory_item], [[ChromeDriver: chrome on WINDOWS (443ac94760fa7775e71869a7c2ff1950)] -> class name: inventory_item], [[ChromeDriver: chrome on WINDOWS (443ac94760fa7775e71869a7c2ff1950)] -> class name: inventory_item], [[ChromeDriver: chrome on WINDOWS (443ac94760fa7775e71869a7c2ff1950)] -> class name: inventory_item]]
